<?xml version="1.0" encoding="UTF-8"?>
<!-- Generated by org.testng.reporters.JUnitReportReporter -->
<testsuite hostname="Abhishek" failures="0" tests="2" name="Day7.validateXMLResponse" time="17.804" errors="0" timestamp="2023-11-15T14:13:27 IST" skipped="0">
  <testcase classname="Day7.validateXMLResponse" name="addPet" time="5.437"/>
  <system-out/>
  <testcase classname="Day7.validateXMLResponse" name="traveler" time="12.367"/>
  <system-out/>
</testsuite> <!-- Day7.validateXMLResponse -->
