<?xml version="1.0" encoding="UTF-8"?>
<!-- Generated by org.testng.reporters.JUnitReportReporter -->
<testsuite hostname="Abhishek" failures="0" tests="1" name="FirstGetRequest" time="3.222" errors="0" timestamp="2023-11-04T14:58:55 IST" skipped="0">
  <testcase classname="FirstGetRequest" name="testOne" time="3.222"/>
  <system-out/>
</testsuite> <!-- FirstGetRequest -->
