<?xml version="1.0" encoding="UTF-8"?>
<!-- Generated by org.testng.reporters.JUnitReportReporter -->
<testsuite hostname="Abhishek" failures="0" tests="2" name="Day2.Test_GetMethod" time="3.303" errors="0" timestamp="2023-11-04T15:24:18 IST" skipped="0">
  <testcase classname="Day2.Test_GetMethod" name="test2" time="0.335"/>
  <system-out/>
  <testcase classname="Day2.Test_GetMethod" name="test1" time="2.968"/>
  <system-out/>
</testsuite> <!-- Day2.Test_GetMethod -->
