<?xml version="1.0" encoding="UTF-8"?>
<!-- Generated by org.testng.reporters.JUnitReportReporter -->
<testsuite hostname="Abhishek" failures="0" tests="2" name="Day8.JsonArrayDemo" time="5.167" errors="0" timestamp="2023-11-16T12:03:52 IST" skipped="0">
  <testcase classname="Day8.JsonArrayDemo" name="createUserUsingJsonList" time="0.771"/>
  <system-out/>
  <testcase classname="Day8.JsonArrayDemo" name="createUserUsingJsonArray" time="4.396"/>
  <system-out/>
</testsuite> <!-- Day8.JsonArrayDemo -->
