<?xml version="1.0" encoding="UTF-8"?>
<!-- Generated by org.testng.reporters.JUnitReportReporter -->
<testsuite hostname="Abhishek" failures="0" tests="1" name="Day2.Test_PatchMethod" time="3.309" errors="0" timestamp="2023-11-04T15:53:34 IST" skipped="0">
  <testcase classname="Day2.Test_PatchMethod" name="test1" time="3.309"/>
  <system-out/>
</testsuite> <!-- Day2.Test_PatchMethod -->
