<?xml version="1.0" encoding="UTF-8"?>
<!-- Generated by org.testng.reporters.JUnitReportReporter -->
<testsuite hostname="Abhishek" failures="0" tests="1" name="Day4.queryParameter" time="5.437" errors="0" timestamp="2023-11-11T13:07:47 IST" skipped="0">
  <testcase classname="Day4.queryParameter" name="test" time="5.437"/>
  <system-out/>
</testsuite> <!-- Day4.queryParameter -->
