<?xml version="1.0" encoding="UTF-8"?>
<!-- Generated by org.testng.reporters.JUnitReportReporter -->
<testsuite hostname="Abhishek" failures="0" tests="1" name="Day4.ValidateJSONResponseBody" time="2.526" errors="0" timestamp="2023-11-11T12:26:46 IST" skipped="0">
  <testcase classname="Day4.ValidateJSONResponseBody" name="userList" time="2.526"/>
  <system-out/>
</testsuite> <!-- Day4.ValidateJSONResponseBody -->
