<?xml version="1.0" encoding="UTF-8"?>
<!-- Generated by org.testng.reporters.JUnitReportReporter -->
<testsuite hostname="Abhishek" failures="0" tests="1" name="Day9.JsonObjectUsingJacksonAPI" time="5.034" errors="0" timestamp="2023-11-17T12:24:32 IST" skipped="0">
  <testcase classname="Day9.JsonObjectUsingJacksonAPI" name="createUser" time="5.034"/>
  <system-out/>
</testsuite> <!-- Day9.JsonObjectUsingJacksonAPI -->
