<?xml version="1.0" encoding="UTF-8"?>
<!-- Generated by org.testng.reporters.JUnitReportReporter -->
<testsuite hostname="Abhishek" failures="0" tests="1" name="Day7.QueryRequestSpec" time="0.901" errors="0" timestamp="2023-11-15T13:13:46 IST" skipped="0">
  <testcase classname="Day7.QueryRequestSpec" name="createUser" time="0.901"/>
  <system-out/>
</testsuite> <!-- Day7.QueryRequestSpec -->
