<?xml version="1.0" encoding="UTF-8"?>
<!-- Generated by org.testng.reporters.JUnitReportReporter -->
<testsuite hostname="Abhishek" failures="0" tests="2" name="Day10.FileUpload" time="4.385" errors="0" timestamp="2023-11-18T11:46:10 IST" skipped="1">
  <testcase classname="Day10.FileUpload" name="Imageuploaddemo" time="4.385"/>
  <system-out/>
  <testcase classname="Day10.FileUpload" name="fileuploaddemo">
    <skipped/>
  </testcase> <!-- fileuploaddemo -->
  <system-out/>
</testsuite> <!-- Day10.FileUpload -->
