<?xml version="1.0" encoding="UTF-8"?>
<!-- Generated by org.testng.reporters.JUnitReportReporter -->
<testsuite hostname="Abhishek" failures="0" tests="1" name="Day11.SerializationAndDeserialization" time="4.660" errors="0" timestamp="2023-11-18T13:31:41 IST" skipped="0">
  <testcase classname="Day11.SerializationAndDeserialization" name="CreateJSONObjectFromEmployeeClass" time="4.660"/>
  <system-out/>
</testsuite> <!-- Day11.SerializationAndDeserialization -->
