<?xml version="1.0" encoding="UTF-8"?>
<!-- Generated by org.testng.reporters.JUnitReportReporter -->
<testsuite hostname="Abhishek" failures="0" tests="2" name="Day8.JsonObjectUsingJavaMap" time="4.027" errors="0" timestamp="2023-11-16T11:41:15 IST" skipped="1">
  <testcase classname="Day8.JsonObjectUsingJavaMap" name="createUser" time="4.027"/>
  <system-out/>
  <testcase classname="Day8.JsonObjectUsingJavaMap" name="createAuthToken">
    <skipped/>
  </testcase> <!-- createAuthToken -->
  <system-out/>
</testsuite> <!-- Day8.JsonObjectUsingJavaMap -->
