<?xml version="1.0" encoding="UTF-8"?>
<!-- Generated by org.testng.reporters.JUnitReportReporter -->
<testsuite hostname="Abhishek" failures="0" tests="2" name="Day5.authorization" time="7.728" errors="0" timestamp="2023-11-12T12:39:57 IST" skipped="0">
  <testcase classname="Day5.authorization" name="digestAuth" time="2.944"/>
  <system-out/>
  <testcase classname="Day5.authorization" name="basicAuth" time="4.784"/>
  <system-out/>
</testsuite> <!-- Day5.authorization -->
