<?xml version="1.0" encoding="UTF-8"?>
<!-- Generated by org.testng.reporters.JUnitReportReporter -->
<testsuite hostname="Abhishek" failures="0" tests="1" name="Day11.NestedJSONDemo" time="4.835" errors="0" timestamp="2023-11-19T12:50:13 IST" skipped="0">
  <testcase classname="Day11.NestedJSONDemo" name="createUser" time="4.835"/>
  <system-out/>
</testsuite> <!-- Day11.NestedJSONDemo -->
