<?xml version="1.0" encoding="UTF-8"?>
<!-- Generated by org.testng.reporters.JUnitReportReporter -->
<testsuite hostname="Abhishek" failures="0" tests="1" name="Day2.Test_DeleteMethod" time="3.268" errors="0" timestamp="2023-11-04T15:59:33 IST" skipped="0">
  <testcase classname="Day2.Test_DeleteMethod" name="test01" time="3.268"/>
  <system-out/>
</testsuite> <!-- Day2.Test_DeleteMethod -->
