<?xml version="1.0" encoding="UTF-8"?>
<!-- Generated by org.testng.reporters.JUnitReportReporter -->
<testsuite hostname="Abhishek" failures="0" tests="1" name="Day6.DeSerialization" time="4.058" errors="0" timestamp="2023-11-14T21:13:42 IST" skipped="0">
  <testcase classname="Day6.DeSerialization" name="Deserialization" time="4.058"/>
  <system-out/>
</testsuite> <!-- Day6.DeSerialization -->
