<?xml version="1.0" encoding="UTF-8"?>
<!-- Generated by org.testng.reporters.JUnitReportReporter -->
<testsuite hostname="Abhishek" failures="0" tests="3" name="Day3.CheckValidResponse" time="3.935" errors="0" timestamp="2023-11-05T13:18:21 IST" skipped="1">
  <testcase classname="Day3.CheckValidResponse" name="getSingleUserValidatableResponse" time="0.297"/>
  <system-out/>
  <testcase classname="Day3.CheckValidResponse" name="getSingleUserBDDMethod" time="3.638"/>
  <system-out/>
  <testcase classname="Day3.CheckValidResponse" name="getSingleUser">
    <skipped/>
  </testcase> <!-- getSingleUser -->
  <system-out/>
</testsuite> <!-- Day3.CheckValidResponse -->
