<?xml version="1.0" encoding="UTF-8"?>
<!-- Generated by org.testng.reporters.JUnitReportReporter -->
<testsuite hostname="Abhishek" failures="0" tests="1" name="Day3.ValidateResponseHeader" time="9.462" errors="0" timestamp="2023-11-05T13:48:29 IST" skipped="0">
  <testcase classname="Day3.ValidateResponseHeader" name="SingleUserResponseHeader" time="9.462"/>
  <system-out/>
</testsuite> <!-- Day3.ValidateResponseHeader -->
