<?xml version="1.0" encoding="UTF-8"?>
<!-- Generated by org.testng.reporters.JUnitReportReporter -->
<testsuite hostname="Abhishek" failures="0" tests="1" name="Day01.FirstGetRequest" time="2.680" errors="0" timestamp="2023-11-25T11:42:45 IST" skipped="0">
  <testcase classname="Day01.FirstGetRequest" name="testOne" time="2.680"/>
  <system-out/>
</testsuite> <!-- Day01.FirstGetRequest -->
