<?xml version="1.0" encoding="UTF-8"?>
<!-- Generated by org.testng.reporters.JUnitReportReporter -->
<testsuite hostname="Abhishek" failures="0" tests="1" name="Day5.OAuth2Authorization" time="2.711" errors="0" timestamp="2023-11-14T19:56:57 IST" skipped="0">
  <testcase classname="Day5.OAuth2Authorization" name="OAuth" time="2.711"/>
  <system-out/>
</testsuite> <!-- Day5.OAuth2Authorization -->
