<?xml version="1.0" encoding="UTF-8"?>
<!-- Generated by org.testng.reporters.JUnitReportReporter -->
<testsuite hostname="Abhishek" failures="0" tests="1" name="Day11.JSONArrayPOJO" time="3.994" errors="0" timestamp="2023-11-19T11:56:47 IST" skipped="0">
  <testcase classname="Day11.JSONArrayPOJO" name="createEmployeeJSONArray" time="3.994"/>
  <system-out/>
</testsuite> <!-- Day11.JSONArrayPOJO -->
